{"total": {"lines":{"total":1545,"covered":153,"skipped":0,"pct":9.9},"statements":{"total":1545,"covered":153,"skipped":0,"pct":9.9},"functions":{"total":29,"covered":16,"skipped":0,"pct":55.17},"branches":{"total":38,"covered":23,"skipped":0,"pct":60.52},"branchesTrue":{"total":0,"covered":0,"skipped":0,"pct":100}}
,"/home/Karthisri/Tasks/Inventory_Project/frontend/eslint.config.js": {"lines":{"total":27,"covered":0,"skipped":0,"pct":0},"functions":{"total":1,"covered":0,"skipped":0,"pct":0},"statements":{"total":27,"covered":0,"skipped":0,"pct":0},"branches":{"total":1,"covered":0,"skipped":0,"pct":0}}
,"/home/Karthisri/Tasks/Inventory_Project/frontend/vite.config.ts": {"lines":{"total":12,"covered":0,"skipped":0,"pct":0},"functions":{"total":1,"covered":1,"skipped":0,"pct":100},"statements":{"total":12,"covered":0,"skipped":0,"pct":0},"branches":{"total":1,"covered":1,"skipped":0,"pct":100}}
,"/home/Karthisri/Tasks/Inventory_Project/frontend/src/App.tsx": {"lines":{"total":51,"covered":0,"skipped":0,"pct":0},"functions":{"total":1,"covered":1,"skipped":0,"pct":100},"statements":{"total":51,"covered":0,"skipped":0,"pct":0},"branches":{"total":1,"covered":1,"skipped":0,"pct":100}}
,"/home/Karthisri/Tasks/Inventory_Project/frontend/src/main.tsx": {"lines":{"total":17,"covered":0,"skipped":0,"pct":0},"functions":{"total":1,"covered":0,"skipped":0,"pct":0},"statements":{"total":17,"covered":0,"skipped":0,"pct":0},"branches":{"total":1,"covered":0,"skipped":0,"pct":0}}
,"/home/Karthisri/Tasks/Inventory_Project/frontend/src/privateroutes.tsx": {"lines":{"total":10,"covered":0,"skipped":0,"pct":0},"functions":{"total":1,"covered":1,"skipped":0,"pct":100},"statements":{"total":10,"covered":0,"skipped":0,"pct":0},"branches":{"total":1,"covered":1,"skipped":0,"pct":100}}
,"/home/Karthisri/Tasks/Inventory_Project/frontend/src/vite-env.d.ts": {"lines":{"total":0,"covered":0,"skipped":0,"pct":0},"functions":{"total":1,"covered":1,"skipped":0,"pct":0},"statements":{"total":0,"covered":0,"skipped":0,"pct":0},"branches":{"total":1,"covered":1,"skipped":0,"pct":0}}
,"/home/Karthisri/Tasks/Inventory_Project/frontend/src/admindashboard/Admindashboard.tsx": {"lines":{"total":44,"covered":44,"skipped":0,"pct":100},"functions":{"total":1,"covered":1,"skipped":0,"pct":100},"statements":{"total":44,"covered":44,"skipped":0,"pct":100},"branches":{"total":2,"covered":1,"skipped":0,"pct":50}}
,"/home/Karthisri/Tasks/Inventory_Project/frontend/src/admindashboard/orderdash.tsx": {"lines":{"total":122,"covered":0,"skipped":0,"pct":0},"functions":{"total":1,"covered":0,"skipped":0,"pct":0},"statements":{"total":122,"covered":0,"skipped":0,"pct":0},"branches":{"total":1,"covered":0,"skipped":0,"pct":0}}
,"/home/Karthisri/Tasks/Inventory_Project/frontend/src/admindashboard/productdash.tsx": {"lines":{"total":264,"covered":0,"skipped":0,"pct":0},"functions":{"total":1,"covered":1,"skipped":0,"pct":100},"statements":{"total":264,"covered":0,"skipped":0,"pct":0},"branches":{"total":1,"covered":1,"skipped":0,"pct":100}}
,"/home/Karthisri/Tasks/Inventory_Project/frontend/src/components/graph.tsx": {"lines":{"total":73,"covered":0,"skipped":0,"pct":0},"functions":{"total":1,"covered":0,"skipped":0,"pct":0},"statements":{"total":73,"covered":0,"skipped":0,"pct":0},"branches":{"total":1,"covered":0,"skipped":0,"pct":0}}
,"/home/Karthisri/Tasks/Inventory_Project/frontend/src/components/logout.tsx": {"lines":{"total":10,"covered":0,"skipped":0,"pct":0},"functions":{"total":1,"covered":1,"skipped":0,"pct":100},"statements":{"total":10,"covered":0,"skipped":0,"pct":0},"branches":{"total":1,"covered":1,"skipped":0,"pct":100}}
,"/home/Karthisri/Tasks/Inventory_Project/frontend/src/components/navbar.tsx": {"lines":{"total":77,"covered":0,"skipped":0,"pct":0},"functions":{"total":1,"covered":1,"skipped":0,"pct":100},"statements":{"total":77,"covered":0,"skipped":0,"pct":0},"branches":{"total":1,"covered":1,"skipped":0,"pct":100}}
,"/home/Karthisri/Tasks/Inventory_Project/frontend/src/components/navbarSales.tsx": {"lines":{"total":91,"covered":0,"skipped":0,"pct":0},"functions":{"total":1,"covered":1,"skipped":0,"pct":100},"statements":{"total":91,"covered":0,"skipped":0,"pct":0},"branches":{"total":1,"covered":1,"skipped":0,"pct":100}}
,"/home/Karthisri/Tasks/Inventory_Project/frontend/src/components/product.table.tsx": {"lines":{"total":67,"covered":0,"skipped":0,"pct":0},"functions":{"total":1,"covered":0,"skipped":0,"pct":0},"statements":{"total":67,"covered":0,"skipped":0,"pct":0},"branches":{"total":1,"covered":0,"skipped":0,"pct":0}}
,"/home/Karthisri/Tasks/Inventory_Project/frontend/src/components/sidebar.tsx": {"lines":{"total":33,"covered":0,"skipped":0,"pct":0},"functions":{"total":1,"covered":0,"skipped":0,"pct":0},"statements":{"total":33,"covered":0,"skipped":0,"pct":0},"branches":{"total":1,"covered":0,"skipped":0,"pct":0}}
,"/home/Karthisri/Tasks/Inventory_Project/frontend/src/components/sidebarSales.tsx": {"lines":{"total":42,"covered":0,"skipped":0,"pct":0},"functions":{"total":1,"covered":0,"skipped":0,"pct":0},"statements":{"total":42,"covered":0,"skipped":0,"pct":0},"branches":{"total":1,"covered":0,"skipped":0,"pct":0}}
,"/home/Karthisri/Tasks/Inventory_Project/frontend/src/components/topcards.tsx": {"lines":{"total":71,"covered":0,"skipped":0,"pct":0},"functions":{"total":1,"covered":1,"skipped":0,"pct":100},"statements":{"total":71,"covered":0,"skipped":0,"pct":0},"branches":{"total":1,"covered":1,"skipped":0,"pct":100}}
,"/home/Karthisri/Tasks/Inventory_Project/frontend/src/pages/formcomponent.tsx": {"lines":{"total":130,"covered":109,"skipped":0,"pct":83.84},"functions":{"total":8,"covered":5,"skipped":0,"pct":62.5},"statements":{"total":130,"covered":109,"skipped":0,"pct":83.84},"branches":{"total":16,"covered":12,"skipped":0,"pct":75}}
,"/home/Karthisri/Tasks/Inventory_Project/frontend/src/pages/privateroutes.tsx": {"lines":{"total":12,"covered":0,"skipped":0,"pct":0},"functions":{"total":1,"covered":1,"skipped":0,"pct":100},"statements":{"total":12,"covered":0,"skipped":0,"pct":0},"branches":{"total":1,"covered":1,"skipped":0,"pct":100}}
,"/home/Karthisri/Tasks/Inventory_Project/frontend/src/salesperson/createorder.tsx": {"lines":{"total":155,"covered":0,"skipped":0,"pct":0},"functions":{"total":1,"covered":0,"skipped":0,"pct":0},"statements":{"total":155,"covered":0,"skipped":0,"pct":0},"branches":{"total":1,"covered":0,"skipped":0,"pct":0}}
,"/home/Karthisri/Tasks/Inventory_Project/frontend/src/salesperson/myorders.tsx": {"lines":{"total":143,"covered":0,"skipped":0,"pct":0},"functions":{"total":1,"covered":0,"skipped":0,"pct":0},"statements":{"total":143,"covered":0,"skipped":0,"pct":0},"branches":{"total":1,"covered":0,"skipped":0,"pct":0}}
,"/home/Karthisri/Tasks/Inventory_Project/frontend/src/salesperson/salesdashboard.tsx": {"lines":{"total":94,"covered":0,"skipped":0,"pct":0},"functions":{"total":1,"covered":0,"skipped":0,"pct":0},"statements":{"total":94,"covered":0,"skipped":0,"pct":0},"branches":{"total":1,"covered":0,"skipped":0,"pct":0}}
}
