{"/home/Karthisri/Tasks/Assessment_2/Inventory_task/backend/src/datasource.ts": {"path":"/home/Karthisri/Tasks/Assessment_2/Inventory_task/backend/src/datasource.ts","statementMap":{"0":{"start":{"line":1,"column":0},"end":{"line":1,"column":26}},"1":{"start":{"line":2,"column":0},"end":{"line":2,"column":36}},"2":{"start":{"line":3,"column":0},"end":{"line":3,"column":33}},"3":{"start":{"line":4,"column":0},"end":{"line":4,"column":39}},"4":{"start":{"line":5,"column":0},"end":{"line":5,"column":42}},"5":{"start":{"line":6,"column":0},"end":{"line":6,"column":45}},"6":{"start":{"line":7,"column":0},"end":{"line":7,"column":16}},"7":{"start":{"line":9,"column":13},"end":{"line":21,"column":null}}},"fnMap":{},"branchMap":{"0":{"loc":{"start":{"line":12,"column":19},"end":{"line":12,"column":48}},"type":"binary-expr","locations":[{"start":{"line":12,"column":19},"end":{"line":12,"column":38}},{"start":{"line":12,"column":42},"end":{"line":12,"column":48}}]}},"s":{"0":3,"1":3,"2":3,"3":3,"4":3,"5":3,"6":3,"7":3},"f":{},"b":{"0":[3,0]}}
,"/home/Karthisri/Tasks/Assessment_2/Inventory_task/backend/src/controllers/auth.controller.ts": {"path":"/home/Karthisri/Tasks/Assessment_2/Inventory_task/backend/src/controllers/auth.controller.ts","statementMap":{"0":{"start":{"line":2,"column":0},"end":{"line":2,"column":46}},"1":{"start":{"line":3,"column":0},"end":{"line":3,"column":40}},"2":{"start":{"line":4,"column":0},"end":{"line":4,"column":33}},"3":{"start":{"line":5,"column":0},"end":{"line":5,"column":27}},"4":{"start":{"line":6,"column":0},"end":{"line":6,"column":56}},"5":{"start":{"line":7,"column":0},"end":{"line":7,"column":32}},"6":{"start":{"line":9,"column":0},"end":{"line":9,"column":16}},"7":{"start":{"line":11,"column":23},"end":{"line":11,"column":56}},"8":{"start":{"line":13,"column":22},"end":{"line":27,"column":2}},"9":{"start":{"line":13,"column":70},"end":{"line":27,"column":2}},"10":{"start":{"line":14,"column":4},"end":{"line":26,"column":5}},"11":{"start":{"line":15,"column":46},"end":{"line":15,"column":54}},"12":{"start":{"line":16,"column":8},"end":{"line":16,"column":null}},"13":{"start":{"line":17,"column":30},"end":{"line":17,"column":81}},"14":{"start":{"line":18,"column":8},"end":{"line":18,"column":null}},"15":{"start":{"line":21,"column":8},"end":{"line":21,"column":null}},"16":{"start":{"line":22,"column":8},"end":{"line":24,"column":null}},"17":{"start":{"line":13,"column":13},"end":{"line":13,"column":22}},"18":{"start":{"line":30,"column":21},"end":{"line":51,"column":null}},"19":{"start":{"line":30,"column":70},"end":{"line":51,"column":null}},"20":{"start":{"line":31,"column":25},"end":{"line":31,"column":33}},"21":{"start":{"line":32,"column":15},"end":{"line":32,"column":54}},"22":{"start":{"line":34,"column":2},"end":{"line":37,"column":3}},"23":{"start":{"line":35,"column":4},"end":{"line":35,"column":null}},"24":{"start":{"line":36,"column":4},"end":{"line":36,"column":10}},"25":{"start":{"line":39,"column":26},"end":{"line":39,"column":71}},"26":{"start":{"line":41,"column":2},"end":{"line":44,"column":3}},"27":{"start":{"line":42,"column":4},"end":{"line":42,"column":55}},"28":{"start":{"line":43,"column":4},"end":{"line":43,"column":10}},"29":{"start":{"line":45,"column":16},"end":{"line":48,"column":null}},"30":{"start":{"line":50,"column":2},"end":{"line":50,"column":77}},"31":{"start":{"line":30,"column":13},"end":{"line":30,"column":21}}},"fnMap":{"0":{"name":"(anonymous_17)","decl":{"start":{"line":13,"column":22},"end":{"line":13,"column":28}},"loc":{"start":{"line":13,"column":70},"end":{"line":27,"column":2}}},"1":{"name":"(anonymous_18)","decl":{"start":{"line":13,"column":70},"end":{"line":13,"column":null}},"loc":{"start":{"line":13,"column":70},"end":{"line":27,"column":1}}},"2":{"name":"(anonymous_19)","decl":{"start":{"line":30,"column":21},"end":{"line":30,"column":27}},"loc":{"start":{"line":30,"column":70},"end":{"line":51,"column":null}}},"3":{"name":"(anonymous_20)","decl":{"start":{"line":30,"column":70},"end":{"line":30,"column":null}},"loc":{"start":{"line":30,"column":70},"end":{"line":51,"column":1}}}},"branchMap":{"0":{"loc":{"start":{"line":34,"column":2},"end":{"line":37,"column":3}},"type":"if","locations":[{"start":{"line":34,"column":2},"end":{"line":37,"column":3}}]},"1":{"loc":{"start":{"line":41,"column":2},"end":{"line":44,"column":3}},"type":"if","locations":[{"start":{"line":41,"column":2},"end":{"line":44,"column":3}}]}},"s":{"0":1,"1":1,"2":1,"3":1,"4":1,"5":1,"6":1,"7":1,"8":1,"9":2,"10":2,"11":2,"12":2,"13":2,"14":1,"15":1,"16":1,"17":1,"18":1,"19":0,"20":0,"21":0,"22":0,"23":0,"24":0,"25":0,"26":0,"27":0,"28":0,"29":0,"30":0,"31":1},"f":{"0":2,"1":2,"2":0,"3":0},"b":{"0":[0],"1":[0]}}
,"/home/Karthisri/Tasks/Assessment_2/Inventory_task/backend/src/entities/orders.ts": {"path":"/home/Karthisri/Tasks/Assessment_2/Inventory_task/backend/src/entities/orders.ts","statementMap":{"0":{"start":{"line":1,"column":0},"end":{"line":1,"column":124}},"1":{"start":{"line":2,"column":0},"end":{"line":2,"column":40}},"2":{"start":{"line":5,"column":7},"end":{"line":34,"column":null}},"3":{"start":{"line":5,"column":13},"end":{"line":5,"column":18}},"4":{"start":{"line":7,"column":2},"end":{"line":7,"column":null}},"5":{"start":{"line":11,"column":2},"end":{"line":11,"column":null}},"6":{"start":{"line":9,"column":19},"end":{"line":9,"column":23}},"7":{"start":{"line":14,"column":2},"end":{"line":14,"column":null}},"8":{"start":{"line":17,"column":2},"end":{"line":17,"column":null}},"9":{"start":{"line":24,"column":2},"end":{"line":24,"column":null}},"10":{"start":{"line":27,"column":2},"end":{"line":27,"column":null}},"11":{"start":{"line":30,"column":2},"end":{"line":30,"column":null}},"12":{"start":{"line":33,"column":2},"end":{"line":33,"column":null}},"13":{"start":{"line":5,"column":13},"end":{"line":34,"column":null}}},"fnMap":{"0":{"name":"(anonymous_2)","decl":{"start":{"line":9,"column":13},"end":{"line":9,"column":16}},"loc":{"start":{"line":9,"column":19},"end":{"line":9,"column":23}}}},"branchMap":{},"s":{"0":3,"1":3,"2":3,"3":3,"4":3,"5":3,"6":0,"7":3,"8":3,"9":3,"10":3,"11":3,"12":3,"13":3},"f":{"0":0},"b":{}}
,"/home/Karthisri/Tasks/Assessment_2/Inventory_task/backend/src/entities/product.ts": {"path":"/home/Karthisri/Tasks/Assessment_2/Inventory_task/backend/src/entities/product.ts","statementMap":{"0":{"start":{"line":1,"column":0},"end":{"line":1,"column":101}},"1":{"start":{"line":4,"column":7},"end":{"line":38,"column":null}},"2":{"start":{"line":6,"column":8},"end":{"line":6,"column":51}},"3":{"start":{"line":4,"column":13},"end":{"line":4,"column":20}},"4":{"start":{"line":9,"column":2},"end":{"line":9,"column":null}},"5":{"start":{"line":12,"column":2},"end":{"line":12,"column":null}},"6":{"start":{"line":15,"column":2},"end":{"line":15,"column":null}},"7":{"start":{"line":18,"column":2},"end":{"line":18,"column":null}},"8":{"start":{"line":21,"column":2},"end":{"line":21,"column":null}},"9":{"start":{"line":24,"column":2},"end":{"line":24,"column":null}},"10":{"start":{"line":27,"column":2},"end":{"line":27,"column":null}},"11":{"start":{"line":30,"column":2},"end":{"line":30,"column":null}},"12":{"start":{"line":33,"column":2},"end":{"line":33,"column":null}},"13":{"start":{"line":36,"column":2},"end":{"line":36,"column":null}},"14":{"start":{"line":4,"column":13},"end":{"line":38,"column":null}}},"fnMap":{"0":{"name":"(anonymous_2)","decl":{"start":{"line":5,"column":4},"end":{"line":5,"column":10}},"loc":{"start":{"line":5,"column":78},"end":{"line":7,"column":5}}}},"branchMap":{},"s":{"0":3,"1":3,"2":0,"3":3,"4":3,"5":3,"6":3,"7":3,"8":3,"9":3,"10":3,"11":3,"12":3,"13":3,"14":3},"f":{"0":0},"b":{}}
,"/home/Karthisri/Tasks/Assessment_2/Inventory_task/backend/src/entities/user.ts": {"path":"/home/Karthisri/Tasks/Assessment_2/Inventory_task/backend/src/entities/user.ts","statementMap":{"0":{"start":{"line":1,"column":0},"end":{"line":1,"column":101}},"1":{"start":{"line":4,"column":7},"end":{"line":32,"column":null}},"2":{"start":{"line":4,"column":13},"end":{"line":4,"column":17}},"3":{"start":{"line":6,"column":2},"end":{"line":6,"column":null}},"4":{"start":{"line":9,"column":2},"end":{"line":9,"column":null}},"5":{"start":{"line":12,"column":2},"end":{"line":12,"column":null}},"6":{"start":{"line":15,"column":2},"end":{"line":15,"column":null}},"7":{"start":{"line":22,"column":2},"end":{"line":22,"column":null}},"8":{"start":{"line":25,"column":2},"end":{"line":25,"column":null}},"9":{"start":{"line":28,"column":2},"end":{"line":28,"column":null}},"10":{"start":{"line":31,"column":2},"end":{"line":31,"column":null}},"11":{"start":{"line":4,"column":13},"end":{"line":32,"column":null}}},"fnMap":{},"branchMap":{},"s":{"0":4,"1":4,"2":4,"3":4,"4":4,"5":4,"6":4,"7":4,"8":4,"9":4,"10":4,"11":4},"f":{},"b":{}}
,"/home/Karthisri/Tasks/Assessment_2/Inventory_task/backend/src/services/auth.service.ts": {"path":"/home/Karthisri/Tasks/Assessment_2/Inventory_task/backend/src/services/auth.service.ts","statementMap":{"0":{"start":{"line":1,"column":0},"end":{"line":1,"column":37}},"1":{"start":{"line":2,"column":0},"end":{"line":2,"column":45}},"2":{"start":{"line":3,"column":0},"end":{"line":3,"column":27}},"3":{"start":{"line":7,"column":26},"end":{"line":27,"column":null}},"4":{"start":{"line":14,"column":3},"end":{"line":27,"column":null}},"5":{"start":{"line":15,"column":21},"end":{"line":15,"column":54}},"6":{"start":{"line":16,"column":26},"end":{"line":16,"column":56}},"7":{"start":{"line":18,"column":17},"end":{"line":24,"column":6}},"8":{"start":{"line":25,"column":4},"end":{"line":25,"column":30}},"9":{"start":{"line":7,"column":13},"end":{"line":7,"column":26}}},"fnMap":{"0":{"name":"(anonymous_8)","decl":{"start":{"line":7,"column":26},"end":{"line":7,"column":null}},"loc":{"start":{"line":14,"column":3},"end":{"line":27,"column":null}}},"1":{"name":"(anonymous_9)","decl":{"start":{"line":14,"column":3},"end":{"line":14,"column":null}},"loc":{"start":{"line":14,"column":3},"end":{"line":27,"column":1}}}},"branchMap":{},"s":{"0":2,"1":2,"2":2,"3":2,"4":2,"5":2,"6":2,"7":2,"8":2,"9":2},"f":{"0":2,"1":2},"b":{}}
}
