TN:
SF:src/datasource.ts
FNF:0
FNH:0
DA:1,3
DA:2,3
DA:3,3
DA:4,3
DA:5,3
DA:6,3
DA:7,3
DA:9,3
LF:8
LH:8
BRDA:12,0,0,3
BRDA:12,0,1,0
BRF:2
BRH:1
end_of_record
TN:
SF:src/controllers/auth.controller.ts
FN:13,(anonymous_17)
FN:13,(anonymous_18)
FN:30,(anonymous_19)
FN:30,(anonymous_20)
FNF:4
FNH:2
FNDA:2,(anonymous_17)
FNDA:2,(anonymous_18)
FNDA:0,(anonymous_19)
FNDA:0,(anonymous_20)
DA:2,1
DA:3,1
DA:4,1
DA:5,1
DA:6,1
DA:7,1
DA:9,1
DA:11,1
DA:13,2
DA:14,2
DA:15,2
DA:16,2
DA:17,2
DA:18,1
DA:21,1
DA:22,1
DA:30,1
DA:31,0
DA:32,0
DA:34,0
DA:35,0
DA:36,0
DA:39,0
DA:41,0
DA:42,0
DA:43,0
DA:45,0
DA:50,0
LF:28
LH:17
BRDA:34,0,0,0
BRDA:41,1,0,0
BRF:2
BRH:0
end_of_record
TN:
SF:src/entities/orders.ts
FN:9,(anonymous_2)
FNF:1
FNH:0
FNDA:0,(anonymous_2)
DA:1,3
DA:2,3
DA:5,3
DA:7,3
DA:9,0
DA:11,3
DA:14,3
DA:17,3
DA:24,3
DA:27,3
DA:30,3
DA:33,3
LF:12
LH:11
BRF:0
BRH:0
end_of_record
TN:
SF:src/entities/product.ts
FN:5,(anonymous_2)
FNF:1
FNH:0
FNDA:0,(anonymous_2)
DA:1,3
DA:4,3
DA:6,0
DA:9,3
DA:12,3
DA:15,3
DA:18,3
DA:21,3
DA:24,3
DA:27,3
DA:30,3
DA:33,3
DA:36,3
LF:13
LH:12
BRF:0
BRH:0
end_of_record
TN:
SF:src/entities/user.ts
FNF:0
FNH:0
DA:1,4
DA:4,4
DA:6,4
DA:9,4
DA:12,4
DA:15,4
DA:22,4
DA:25,4
DA:28,4
DA:31,4
LF:10
LH:10
BRF:0
BRH:0
end_of_record
TN:
SF:src/services/auth.service.ts
FN:7,(anonymous_8)
FN:14,(anonymous_9)
FNF:2
FNH:2
FNDA:2,(anonymous_8)
FNDA:2,(anonymous_9)
DA:1,2
DA:2,2
DA:3,2
DA:7,2
DA:14,2
DA:15,2
DA:16,2
DA:18,2
DA:25,2
LF:9
LH:9
BRF:0
BRH:0
end_of_record
